# JRE version: OpenJDK Runtime Environment (8.0_242-b01) (build 1.8.0_242-release-1644-b01)
# Java VM: OpenJDK 64-Bit Server VM (25.242-b01 mixed mode windows-amd64 compressed oops)
Heap:
 PSYoungGen      total 389632K, used 42865K [0x00000000d5580000, 0x00000000ef200000, 0x0000000100000000)
  eden space 367616K, 5% used [0x00000000d5580000,0x00000000d69e0df0,0x00000000ebc80000)
  from space 22016K, 99% used [0x00000000ed500000,0x00000000eea7b7f8,0x00000000eea80000)
  to   space 25088K, 0% used [0x00000000ebc80000,0x00000000ebc80000,0x00000000ed500000)
 ParOldGen       total 158720K, used 36605K [0x0000000080000000, 0x0000000089b00000, 0x00000000d5580000)
  object space 158720K, 23% used [0x0000000080000000,0x00000000823bf5e0,0x0000000089b00000)
 Metaspace       used 69327K, capacity 72892K, committed 72984K, reserved 1112064K
  class space    used 9539K, capacity 10213K, committed 10288K, reserved 1048576K
GC Heap History (10 events):
Event: 6.455 GC heap before
{Heap before GC invocations=9 (full 2):
 PSYoungGen      total 205824K, used 9477K [0x00000000d5580000, 0x00000000e9f80000, 0x0000000100000000)
  eden space 192512K, 0% used [0x00000000d5580000,0x00000000d5580000,0x00000000e1180000)
  from space 13312K, 71% used [0x00000000e1180000,0x00000000e1ac1668,0x00000000e1e80000)
  to   space 13312K, 0% used [0x00000000e9280000,0x00000000e9280000,0x00000000e9f80000)
 ParOldGen       total 68096K, used 7538K [0x0000000080000000, 0x0000000084280000, 0x00000000d5580000)
  object space 68096K, 11% used [0x0000000080000000,0x000000008075c978,0x0000000084280000)
 Metaspace       used 34297K, capacity 35426K, committed 35496K, reserved 1079296K
  class space    used 4724K, capacity 5006K, committed 5040K, reserved 1048576K
Event: 6.573 GC heap after
Heap after GC invocations=9 (full 2):
 PSYoungGen      total 205824K, used 0K [0x00000000d5580000, 0x00000000e9f80000, 0x0000000100000000)
  eden space 192512K, 0% used [0x00000000d5580000,0x00000000d5580000,0x00000000e1180000)
  from space 13312K, 0% used [0x00000000e1180000,0x00000000e1180000,0x00000000e1e80000)
  to   space 13312K, 0% used [0x00000000e9280000,0x00000000e9280000,0x00000000e9f80000)
 ParOldGen       total 103424K, used 15731K [0x0000000080000000, 0x0000000086500000, 0x00000000d5580000)
  object space 103424K, 15% used [0x0000000080000000,0x0000000080f5cfe0,0x0000000086500000)
 Metaspace       used 34297K, capacity 35426K, committed 35496K, reserved 1079296K
  class space    used 4724K, capacity 5006K, committed 5040K, reserved 1048576K
}
Event: 8.888 GC heap before
{Heap before GC invocations=10 (full 2):
 PSYoungGen      total 205824K, used 192512K [0x00000000d5580000, 0x00000000e9f80000, 0x0000000100000000)
  eden space 192512K, 100% used [0x00000000d5580000,0x00000000e1180000,0x00000000e1180000)
  from space 13312K, 0% used [0x00000000e1180000,0x00000000e1180000,0x00000000e1e80000)
  to   space 13312K, 0% used [0x00000000e9280000,0x00000000e9280000,0x00000000e9f80000)
 ParOldGen       total 103424K, used 15731K [0x0000000080000000, 0x0000000086500000, 0x00000000d5580000)
  object space 103424K, 15% used [0x0000000080000000,0x0000000080f5cfe0,0x0000000086500000)
 Metaspace       used 45379K, capacity 47300K, committed 47528K, reserved 1089536K
  class space    used 6153K, capacity 6498K, committed 6576K, reserved 1048576K
Event: 8.915 GC heap after
Heap after GC invocations=10 (full 2):
 PSYoungGen      total 302080K, used 13310K [0x00000000d5580000, 0x00000000e9f80000, 0x0000000100000000)
  eden space 288768K, 0% used [0x00000000d5580000,0x00000000d5580000,0x00000000e6f80000)
  from space 13312K, 99% used [0x00000000e9280000,0x00000000e9f7fa58,0x00000000e9f80000)
  to   space 16896K, 0% used [0x00000000e7e80000,0x00000000e7e80000,0x00000000e8f00000)
 ParOldGen       total 103424K, used 20936K [0x0000000080000000, 0x0000000086500000, 0x00000000d5580000)
  object space 103424K, 20% used [0x0000000080000000,0x0000000081472178,0x0000000086500000)
 Metaspace       used 45379K, capacity 47300K, committed 47528K, reserved 1089536K
  class space    used 6153K, capacity 6498K, committed 6576K, reserved 1048576K
}
Event: 11.273 GC heap before
{Heap before GC invocations=11 (full 2):
 PSYoungGen      total 302080K, used 152270K [0x00000000d5580000, 0x00000000e9f80000, 0x0000000100000000)
  eden space 288768K, 48% used [0x00000000d5580000,0x00000000ddd34050,0x00000000e6f80000)
  from space 13312K, 99% used [0x00000000e9280000,0x00000000e9f7fa58,0x00000000e9f80000)
  to   space 16896K, 0% used [0x00000000e7e80000,0x00000000e7e80000,0x00000000e8f00000)
 ParOldGen       total 103424K, used 20936K [0x0000000080000000, 0x0000000086500000, 0x00000000d5580000)
  object space 103424K, 20% used [0x0000000080000000,0x0000000081472178,0x0000000086500000)
 Metaspace       used 56708K, capacity 59128K, committed 59160K, reserved 1099776K
  class space    used 7773K, capacity 8221K, committed 8240K, reserved 1048576K
Event: 11.312 GC heap after
Heap after GC invocations=11 (full 2):
 PSYoungGen      total 321024K, used 16887K [0x00000000d5580000, 0x00000000eea80000, 0x0000000100000000)
  eden space 304128K, 0% used [0x00000000d5580000,0x00000000d5580000,0x00000000e7e80000)
  from space 16896K, 99% used [0x00000000e7e80000,0x00000000e8efdd10,0x00000000e8f00000)
  to   space 22016K, 0% used [0x00000000ed500000,0x00000000ed500000,0x00000000eea80000)
 ParOldGen       total 103424K, used 28429K [0x0000000080000000, 0x0000000086500000, 0x00000000d5580000)
  object space 103424K, 27% used [0x0000000080000000,0x0000000081bc3698,0x0000000086500000)
 Metaspace       used 56708K, capacity 59128K, committed 59160K, reserved 1099776K
  class space    used 7773K, capacity 8221K, committed 8240K, reserved 1048576K
}
Event: 11.312 GC heap before
{Heap before GC invocations=12 (full 3):
 PSYoungGen      total 321024K, used 16887K [0x00000000d5580000, 0x00000000eea80000, 0x0000000100000000)
  eden space 304128K, 0% used [0x00000000d5580000,0x00000000d5580000,0x00000000e7e80000)
  from space 16896K, 99% used [0x00000000e7e80000,0x00000000e8efdd10,0x00000000e8f00000)
  to   space 22016K, 0% used [0x00000000ed500000,0x00000000ed500000,0x00000000eea80000)
 ParOldGen       total 103424K, used 28429K [0x0000000080000000, 0x0000000086500000, 0x00000000d5580000)
  object space 103424K, 27% used [0x0000000080000000,0x0000000081bc3698,0x0000000086500000)
 Metaspace       used 56708K, capacity 59128K, committed 59160K, reserved 1099776K
  class space    used 7773K, capacity 8221K, committed 8240K, reserved 1048576K
Event: 11.568 GC heap after
Heap after GC invocations=12 (full 3):
 PSYoungGen      total 321024K, used 0K [0x00000000d5580000, 0x00000000eea80000, 0x0000000100000000)
  eden space 304128K, 0% used [0x00000000d5580000,0x00000000d5580000,0x00000000e7e80000)
  from space 16896K, 0% used [0x00000000e7e80000,0x00000000e7e80000,0x00000000e8f00000)
  to   space 22016K, 0% used [0x00000000ed500000,0x00000000ed500000,0x00000000eea80000)
 ParOldGen       total 158720K, used 36109K [0x0000000080000000, 0x0000000089b00000, 0x00000000d5580000)
  object space 158720K, 22% used [0x0000000080000000,0x0000000082343698,0x0000000089b00000)
 Metaspace       used 56665K, capacity 58984K, committed 59160K, reserved 1099776K
  class space    used 7760K, capacity 8197K, committed 8240K, reserved 1048576K
}
Event: 15.739 GC heap before
{Heap before GC invocations=13 (full 3):
 PSYoungGen      total 321024K, used 304128K [0x00000000d5580000, 0x00000000eea80000, 0x0000000100000000)
  eden space 304128K, 100% used [0x00000000d5580000,0x00000000e7e80000,0x00000000e7e80000)
  from space 16896K, 0% used [0x00000000e7e80000,0x00000000e7e80000,0x00000000e8f00000)
  to   space 22016K, 0% used [0x00000000ed500000,0x00000000ed500000,0x00000000eea80000)
 ParOldGen       total 158720K, used 36109K [0x0000000080000000, 0x0000000089b00000, 0x00000000d5580000)
  object space 158720K, 22% used [0x0000000080000000,0x0000000082343698,0x0000000089b00000)
 Metaspace       used 69248K, capacity 72796K, committed 72984K, reserved 1112064K
  class space    used 9536K, capacity 10181K, committed 10288K, reserved 1048576K
Event: 15.782 GC heap after
Heap after GC invocations=13 (full 3):
 PSYoungGen      total 389632K, used 21997K [0x00000000d5580000, 0x00000000ef200000, 0x0000000100000000)
  eden space 367616K, 0% used [0x00000000d5580000,0x00000000d5580000,0x00000000ebc80000)
  from space 22016K, 99% used [0x00000000ed500000,0x00000000eea7b7f8,0x00000000eea80000)
  to   space 25088K, 0% used [0x00000000ebc80000,0x00000000ebc80000,0x00000000ed500000)
 ParOldGen       total 158720K, used 36605K [0x0000000080000000, 0x0000000089b00000, 0x00000000d5580000)
  object space 158720K, 23% used [0x0000000080000000,0x00000000823bf5e0,0x0000000089b00000)
 Metaspace       used 69248K, capacity 72796K, committed 72984K, reserved 1112064K
  class space    used 9536K, capacity 10181K, committed 10288K, reserved 1048576K
}

